<?xml version="1.0" encoding="UTF-8"?>
<!-- Generated by org.testng.reporters.JUnitReportReporter -->
<testsuite skipped="0" hostname="DESKTOP-I838HQ9" name="com.tyss.test.CreateResourceTest" tests="1" failures="0" timestamp="2020-04-27T12:30:50 IST" time="3.509" errors="0">
  <testcase name="tc_01" time="3.509" classname="com.tyss.test.CreateResourceTest"/>
  <system-out/>
</testsuite> <!-- com.tyss.test.CreateResourceTest -->
